<?xml version="1.0" encoding="UTF-8"?>
<!-- Generated by org.testng.reporters.JUnitReportReporter -->
<testsuite skipped="0" hostname="DESKTOP-9MKKMSB" name="com.scripts.MavenActitime.TestActitimeLogin" tests="1" failures="0" timestamp="2021-07-08T14:55:42 IST" time="13.714" errors="0">
  <testcase name="aloginToActitimeMethod" time="13.714" classname="com.scripts.MavenActitime.TestActitimeLogin"/>
  <system-out/>
</testsuite> <!-- com.scripts.MavenActitime.TestActitimeLogin -->
