<?xml version="1.0" encoding="UTF-8"?>
<!-- Generated by org.testng.reporters.JUnitReportReporter -->
<testsuite skipped="0" hostname="DESKTOP-9MKKMSB" name="com.scripts.MavenActitime.TestCreateProject" tests="2" failures="0" timestamp="2021-07-08T15:11:52 IST" time="33.192" errors="0">
  <testcase name="aloginToActitimeMethod" time="9.877" classname="com.scripts.MavenActitime.TestCreateProject"/>
  <system-out/>
  <testcase name="createProject" time="23.315" classname="com.scripts.MavenActitime.TestCreateProject"/>
  <system-out/>
</testsuite> <!-- com.scripts.MavenActitime.TestCreateProject -->
