<?xml version="1.0" encoding="UTF-8"?>
<!-- Generated by org.testng.reporters.JUnitReportReporter -->
<testsuite skipped="0" hostname="DESKTOP-9MKKMSB" name="com.scripts.MavenActitime.TestSignUpToFacebook" tests="1" failures="0" timestamp="2021-07-07T18:25:58 IST" time="13.927" errors="0">
  <testcase name="facebookSignUp" time="13.927" classname="com.scripts.MavenActitime.TestSignUpToFacebook"/>
  <system-out>
    <![CDATA[Title didn't match
Title mismatch]]>
  </system-out>
</testsuite> <!-- com.scripts.MavenActitime.TestSignUpToFacebook -->
